d:\codedirectory\softwarerenderer\build\softwarerenderer.dir\debug\vc143.pdb
d:\codedirectory\softwarerenderer\build\softwarerenderer.dir\debug\window.obj
d:\codedirectory\softwarerenderer\build\softwarerenderer.dir\debug\texture.obj
d:\codedirectory\softwarerenderer\build\softwarerenderer.dir\debug\renderer.obj
d:\codedirectory\softwarerenderer\build\softwarerenderer.dir\debug\model.obj
d:\codedirectory\softwarerenderer\build\softwarerenderer.dir\debug\mesh.obj
d:\codedirectory\softwarerenderer\build\softwarerenderer.dir\debug\highresolutionclock.obj
d:\codedirectory\softwarerenderer\build\softwarerenderer.dir\debug\framebuffer.obj
d:\codedirectory\softwarerenderer\build\softwarerenderer.dir\debug\camera.obj
d:\codedirectory\softwarerenderer\build\softwarerenderer.dir\debug\main.obj
d:\codedirectory\softwarerenderer\build\cmakefiles\generate.stamp
d:\codedirectory\softwarerenderer\build\debug\softwarerenderer.exe
d:\codedirectory\softwarerenderer\build\softwarerenderer.dir\debug\softwarerenderer.ilk
d:\codedirectory\softwarerenderer\build\debug\softwarerenderer.pdb
d:\codedirectory\softwarerenderer\build\softwarerenderer.dir\debug\softwarerenderer.tlog\cl.command.1.tlog
d:\codedirectory\softwarerenderer\build\softwarerenderer.dir\debug\softwarerenderer.tlog\cl.read.1.tlog
d:\codedirectory\softwarerenderer\build\softwarerenderer.dir\debug\softwarerenderer.tlog\cl.write.1.tlog
d:\codedirectory\softwarerenderer\build\softwarerenderer.dir\debug\softwarerenderer.tlog\custombuild.command.1.tlog
d:\codedirectory\softwarerenderer\build\softwarerenderer.dir\debug\softwarerenderer.tlog\custombuild.read.1.tlog
d:\codedirectory\softwarerenderer\build\softwarerenderer.dir\debug\softwarerenderer.tlog\custombuild.write.1.tlog
d:\codedirectory\softwarerenderer\build\softwarerenderer.dir\debug\softwarerenderer.tlog\link.command.1.tlog
d:\codedirectory\softwarerenderer\build\softwarerenderer.dir\debug\softwarerenderer.tlog\link.read.1.tlog
d:\codedirectory\softwarerenderer\build\softwarerenderer.dir\debug\softwarerenderer.tlog\link.write.1.tlog
